<?xml version="1.0" encoding="UTF-8"?>
<testng-results ignored="0" total="2" passed="2" failed="0" skipped="0">
  <reporter-output>
  </reporter-output>
  <suite started-at="2024-03-18T11:59:51 IST" name="Suite" finished-at="2024-03-18T12:00:17 IST" duration-ms="26103">
    <groups>
      <group name="RegressionSuite">
        <method signature="CreateContactWithLeadSourceTest.createContactWithLeadSource()[pri:0, instance:contactsTests.CreateContactWithLeadSourceTest@3a93b025]" name="createContactWithLeadSource" class="contactsTests.CreateContactWithLeadSourceTest"/>
        <method signature="CreateContactWithLeadSourceTest.createContactWithLeadSource()[pri:0, instance:contactsTests.CreateContactWithLeadSourceTest@31304f14]" name="createContactWithLeadSource" class="contactsTests.CreateContactWithLeadSourceTest"/>
      </group> <!-- RegressionSuite -->
    </groups>
    <test started-at="2024-03-18T11:59:51 IST" name="Test-Runner-Edge" finished-at="2024-03-18T12:00:13 IST" duration-ms="21891">
      <class name="contactsTests.CreateContactWithLeadSourceTest">
        <test-method is-config="true" signature="bcConfig(java.lang.String)[pri:0, instance:contactsTests.CreateContactWithLeadSourceTest@3a93b025]" started-at="2024-03-18T11:59:51 IST" name="bcConfig" finished-at="2024-03-18T11:59:56 IST" duration-ms="4420" status="PASS">
          <params>
            <param index="0">
              <value>
                <![CDATA[Edge]]>
              </value>
            </param>
          </params>
          <reporter-output>
          </reporter-output>
        </test-method> <!-- bcConfig -->
        <test-method is-config="true" signature="bmConfig()[pri:0, instance:contactsTests.CreateContactWithLeadSourceTest@3a93b025]" started-at="2024-03-18T11:59:56 IST" name="bmConfig" finished-at="2024-03-18T11:59:59 IST" duration-ms="3013" status="PASS">
          <reporter-output>
          </reporter-output>
        </test-method> <!-- bmConfig -->
        <test-method signature="createContactWithLeadSource()[pri:0, instance:contactsTests.CreateContactWithLeadSourceTest@3a93b025]" started-at="2024-03-18T11:59:59 IST" name="createContactWithLeadSource" finished-at="2024-03-18T12:00:09 IST" duration-ms="9824" status="PASS">
          <reporter-output>
          </reporter-output>
        </test-method> <!-- createContactWithLeadSource -->
        <test-method is-config="true" signature="amConfig()[pri:0, instance:contactsTests.CreateContactWithLeadSourceTest@3a93b025]" started-at="2024-03-18T12:00:09 IST" name="amConfig" finished-at="2024-03-18T12:00:11 IST" duration-ms="2751" status="PASS">
          <reporter-output>
          </reporter-output>
        </test-method> <!-- amConfig -->
        <test-method is-config="true" signature="acConfig()[pri:0, instance:contactsTests.CreateContactWithLeadSourceTest@3a93b025]" started-at="2024-03-18T12:00:11 IST" name="acConfig" finished-at="2024-03-18T12:00:13 IST" duration-ms="1332" status="PASS">
          <reporter-output>
          </reporter-output>
        </test-method> <!-- acConfig -->
      </class> <!-- contactsTests.CreateContactWithLeadSourceTest -->
    </test> <!-- Test-Runner-Edge -->
    <test started-at="2024-03-18T11:59:51 IST" name="Test-Runner-Firefox" finished-at="2024-03-18T12:00:17 IST" duration-ms="26102">
      <class name="contactsTests.CreateContactWithLeadSourceTest">
        <test-method is-config="true" signature="bsConfig()[pri:0, instance:contactsTests.CreateContactWithLeadSourceTest@31304f14]" started-at="2024-03-18T11:59:51 IST" name="bsConfig" finished-at="2024-03-18T11:59:51 IST" duration-ms="11" status="PASS">
          <reporter-output>
          </reporter-output>
        </test-method> <!-- bsConfig -->
        <test-method is-config="true" signature="bcConfig(java.lang.String)[pri:0, instance:contactsTests.CreateContactWithLeadSourceTest@31304f14]" started-at="2024-03-18T11:59:51 IST" name="bcConfig" finished-at="2024-03-18T12:00:02 IST" duration-ms="10494" status="PASS">
          <params>
            <param index="0">
              <value>
                <![CDATA[Firefox]]>
              </value>
            </param>
          </params>
          <reporter-output>
          </reporter-output>
        </test-method> <!-- bcConfig -->
        <test-method is-config="true" signature="bmConfig()[pri:0, instance:contactsTests.CreateContactWithLeadSourceTest@31304f14]" started-at="2024-03-18T12:00:02 IST" name="bmConfig" finished-at="2024-03-18T12:00:04 IST" duration-ms="2167" status="PASS">
          <reporter-output>
          </reporter-output>
        </test-method> <!-- bmConfig -->
        <test-method signature="createContactWithLeadSource()[pri:0, instance:contactsTests.CreateContactWithLeadSourceTest@31304f14]" started-at="2024-03-18T12:00:04 IST" name="createContactWithLeadSource" finished-at="2024-03-18T12:00:14 IST" duration-ms="9520" status="PASS">
          <reporter-output>
          </reporter-output>
        </test-method> <!-- createContactWithLeadSource -->
        <test-method is-config="true" signature="amConfig()[pri:0, instance:contactsTests.CreateContactWithLeadSourceTest@31304f14]" started-at="2024-03-18T12:00:14 IST" name="amConfig" finished-at="2024-03-18T12:00:16 IST" duration-ms="2367" status="PASS">
          <reporter-output>
          </reporter-output>
        </test-method> <!-- amConfig -->
        <test-method is-config="true" signature="acConfig()[pri:0, instance:contactsTests.CreateContactWithLeadSourceTest@31304f14]" started-at="2024-03-18T12:00:16 IST" name="acConfig" finished-at="2024-03-18T12:00:17 IST" duration-ms="1050" status="PASS">
          <reporter-output>
          </reporter-output>
        </test-method> <!-- acConfig -->
        <test-method is-config="true" signature="asConfig()[pri:0, instance:contactsTests.CreateContactWithLeadSourceTest@31304f14]" started-at="2024-03-18T12:00:17 IST" name="asConfig" finished-at="2024-03-18T12:00:17 IST" duration-ms="1" status="PASS">
          <reporter-output>
          </reporter-output>
        </test-method> <!-- asConfig -->
      </class> <!-- contactsTests.CreateContactWithLeadSourceTest -->
    </test> <!-- Test-Runner-Firefox -->
  </suite> <!-- Suite -->
</testng-results>
